#
# There is insufficient memory for the Java Runtime Environment to continue.
# Native memory allocation (malloc) failed to allocate 1130576 bytes for Chunk::new
# Possible reasons:
#   The system is out of physical RAM or swap space
#   In 32 bit mode, the process size limit was hit
# Possible solutions:
#   Reduce memory load on the system
#   Increase physical memory or swap space
#   Check if swap backing store is full
#   Use 64 bit Java on a 64 bit OS
#   Decrease Java heap size (-Xmx/-Xms)
#   Decrease number of Java threads
#   Decrease Java thread stack sizes (-Xss)
#   Set larger code cache with -XX:ReservedCodeCacheSize=
# This output file may be truncated or incomplete.
#
#  Out of Memory Error (allocation.cpp:390), pid=6620, tid=7148
#
# JRE version: Java(TM) SE Runtime Environment (8.0_25-b18) (build 1.8.0_25-b18)
# Java VM: Java HotSpot(TM) 64-Bit Server VM (25.25-b02 mixed mode windows-amd64 compressed oops)
# Failed to write core dump. Minidumps are not enabled by default on client versions of Windows
#

---------------  T H R E A D  ---------------

Current thread (0x0000000014d5d800):  JavaThread "C2 CompilerThread0" daemon [_thread_in_native, id=7148, stack(0x00000000162b0000,0x00000000163b0000)]

Stack: [0x00000000162b0000,0x00000000163b0000]
Native frames: (J=compiled Java code, j=interpreted, Vv=VM code, C=native code)
V  [jvm.dll+0x31667a]
V  [jvm.dll+0x267073]
V  [jvm.dll+0x267cb3]
V  [jvm.dll+0x25f5b5]
V  [jvm.dll+0xbf165]
V  [jvm.dll+0xbf60c]
V  [jvm.dll+0x478fbc]
V  [jvm.dll+0x4465b0]
V  [jvm.dll+0x45130e]
V  [jvm.dll+0x4538f8]
V  [jvm.dll+0x437372]
V  [jvm.dll+0x98a02]
V  [jvm.dll+0x991f3]
V  [jvm.dll+0x22bde4]
V  [jvm.dll+0x2852fa]
C  [msvcr100.dll+0x21d9f]
C  [msvcr100.dll+0x21e3b]
C  [KERNEL32.DLL+0x8364]
C  [ntdll.dll+0x65e91]


Current CompileTask:
C2:   2982 1284   !   4       com.android.dx.cf.code.BytecodeArray::parseInstruction (2764 bytes)


---------------  P R O C E S S  ---------------

Java Threads: ( => current thread )
  0x0000000016a94800 JavaThread "pool-2-thread-4" [_thread_blocked, id=8452, stack(0x00000000177b0000,0x00000000178b0000)]
  0x0000000016a93800 JavaThread "pool-2-thread-3" [_thread_in_Java, id=6824, stack(0x00000000176b0000,0x00000000177b0000)]
  0x0000000016a36000 JavaThread "pool-2-thread-2" [_thread_blocked, id=8088, stack(0x00000000175b0000,0x00000000176b0000)]
  0x0000000016a34800 JavaThread "pool-3-thread-1" [_thread_blocked, id=5524, stack(0x00000000174b0000,0x00000000175b0000)]
  0x0000000016a2d800 JavaThread "pool-2-thread-1" [_thread_in_Java, id=6992, stack(0x00000000173b0000,0x00000000174b0000)]
  0x0000000014db8800 JavaThread "Service Thread" daemon [_thread_blocked, id=3612, stack(0x00000000165b0000,0x00000000166b0000)]
  0x0000000014db5000 JavaThread "C1 CompilerThread2" daemon [_thread_blocked, id=3576, stack(0x00000000164b0000,0x00000000165b0000)]
  0x0000000014d60800 JavaThread "C2 CompilerThread1" daemon [_thread_blocked, id=7912, stack(0x00000000163b0000,0x00000000164b0000)]
=>0x0000000014d5d800 JavaThread "C2 CompilerThread0" daemon [_thread_in_native, id=7148, stack(0x00000000162b0000,0x00000000163b0000)]
  0x0000000014d5c000 JavaThread "Attach Listener" daemon [_thread_blocked, id=4640, stack(0x00000000161b0000,0x00000000162b0000)]
  0x0000000014d5b000 JavaThread "Signal Dispatcher" daemon [_thread_blocked, id=2268, stack(0x00000000160b0000,0x00000000161b0000)]
  0x0000000002681800 JavaThread "Finalizer" daemon [_thread_blocked, id=9400, stack(0x0000000015fb0000,0x00000000160b0000)]
  0x000000000267e000 JavaThread "Reference Handler" daemon [_thread_blocked, id=6560, stack(0x0000000015eb0000,0x0000000015fb0000)]
  0x000000000248d800 JavaThread "main" [_thread_in_vm, id=8196, stack(0x0000000002490000,0x0000000002590000)]

Other Threads:
  0x0000000014d26800 VMThread [stack: 0x0000000015db0000,0x0000000015eb0000] [id=11408]
  0x0000000014dbb800 WatcherThread [stack: 0x00000000166b0000,0x00000000167b0000] [id=12036]

VM state:synchronizing (normal execution)

VM Mutex/Monitor currently owned by a thread:  ([mutex/lock_event])
[0x000000000248c720] Safepoint_lock - owner thread: 0x0000000014d26800
[0x000000000248d3a0] Threads_lock - owner thread: 0x0000000014d26800
[0x000000000248d0a0] Heap_lock - owner thread: 0x0000000016a94800

Heap:
 PSYoungGen      total 37888K, used 37863K [0x00000000eab00000, 0x00000000ef500000, 0x0000000100000000)
  eden space 32768K, 100% used [0x00000000eab00000,0x00000000ecb00000,0x00000000ecb00000)
  from space 5120K, 99% used [0x00000000ecb00000,0x00000000ecff9ca8,0x00000000ed000000)
  to   space 5120K, 0% used [0x00000000ef000000,0x00000000ef000000,0x00000000ef500000)
 ParOldGen       total 86016K, used 1004K [0x00000000c0000000, 0x00000000c5400000, 0x00000000eab00000)
  object space 86016K, 1% used [0x00000000c0000000,0x00000000c00fb3b0,0x00000000c5400000)
 Metaspace       used 6164K, capacity 7064K, committed 7424K, reserved 1056768K
  class space    used 609K, capacity 656K, committed 768K, reserved 1048576K

Card table byte_map: [0x0000000011a50000,0x0000000011c60000] byte_map_base: 0x0000000011450000

Marking Bits: (ParMarkBitMap*) 0x000000006851d490
 Begin Bits: [0x00000000121c0000, 0x00000000131c0000)
 End Bits:   [0x00000000131c0000, 0x00000000141c0000)

Polling page: 0x0000000000c70000

CodeCache: size=245760Kb used=5706Kb max_used=5706Kb free=240053Kb
 bounds [0x0000000002690000, 0x0000000002c30000, 0x0000000011690000]
 total_blobs=1711 nmethods=1448 adapters=177
 compilation: enabled

Compilation events (10 events):
Event: 2.918 Thread 0x0000000014db5000 1461       3       java.util.Collections::unmodifiableCollection (9 bytes)
Event: 2.918 Thread 0x0000000014db5000 nmethod 1461 0x0000000002c26450 code [0x0000000002c265c0, 0x0000000002c268e8]
Event: 2.918 Thread 0x0000000014db5000 1449       3       com.android.dx.rop.code.AccessFlags::isSynchronized (13 bytes)
Event: 2.918 Thread 0x0000000014db5000 nmethod 1449 0x0000000002bfc950 code [0x0000000002bfcaa0, 0x0000000002bfcc30]
Event: 2.918 Thread 0x0000000014db5000 1454       2       com.android.dx.rop.code.DexTranslationAdvice::getMaxOptimalRegisterCount (3 bytes)
Event: 2.918 Thread 0x0000000014db5000 nmethod 1454 0x0000000002c26a50 code [0x0000000002c26ba0, 0x0000000002c26cf0]
Event: 2.918 Thread 0x0000000014db5000 1455       2       com.android.dx.rop.code.LocalVariableExtractor::extract (14 bytes)
Event: 2.918 Thread 0x0000000014db5000 nmethod 1455 0x0000000002c26d90 code [0x0000000002c26f00, 0x0000000002c270d8]
Event: 2.918 Thread 0x0000000014db5000 1456       2       com.android.dx.rop.code.LocalVariableExtractor::<init> (59 bytes)
Event: 2.919 Thread 0x0000000014db5000 nmethod 1456 0x0000000002c271d0 code [0x0000000002c27360, 0x0000000002c27708]

GC Heap History (2 events):
Event: 2.597 GC heap before
{Heap before GC invocations=1 (full 0):
 PSYoungGen      total 37888K, used 32768K [0x00000000eab00000, 0x00000000ed500000, 0x0000000100000000)
  eden space 32768K, 100% used [0x00000000eab00000,0x00000000ecb00000,0x00000000ecb00000)
  from space 5120K, 0% used [0x00000000ed000000,0x00000000ed000000,0x00000000ed500000)
  to   space 5120K, 0% used [0x00000000ecb00000,0x00000000ecb00000,0x00000000ed000000)
 ParOldGen       total 86016K, used 0K [0x00000000c0000000, 0x00000000c5400000, 0x00000000eab00000)
  object space 86016K, 0% used [0x00000000c0000000,0x00000000c0000000,0x00000000c5400000)
 Metaspace       used 5942K, capacity 6896K, committed 7040K, reserved 1056768K
  class space    used 587K, capacity 616K, committed 640K, reserved 1048576K
Event: 2.654 GC heap after
Heap after GC invocations=1 (full 0):
 PSYoungGen      total 37888K, used 5095K [0x00000000eab00000, 0x00000000ef500000, 0x0000000100000000)
  eden space 32768K, 0% used [0x00000000eab00000,0x00000000eab00000,0x00000000ecb00000)
  from space 5120K, 99% used [0x00000000ecb00000,0x00000000ecff9ca8,0x00000000ed000000)
  to   space 5120K, 0% used [0x00000000ef000000,0x00000000ef000000,0x00000000ef500000)
 ParOldGen       total 86016K, used 1004K [0x00000000c0000000, 0x00000000c5400000, 0x00000000eab00000)
  object space 86016K, 1% used [0x00000000c0000000,0x00000000c00fb3b0,0x00000000c5400000)
 Metaspace       used 5942K, capacity 6896K, committed 7040K, reserved 1056768K
  class space    used 587K, capacity 616K, committed 640K, reserved 1048576K
}

Deoptimization events (10 events):
Event: 2.769 Thread 0x0000000016a2d800 Uncommon trap: reason=null_check action=make_not_entrant pc=0x00000000029c49e4 method=com.android.dx.rop.type.Type.equals(Ljava/lang/Object;)Z @ 8
Event: 2.786 Thread 0x0000000016a2d800 Uncommon trap: reason=bimorphic action=maybe_recompile pc=0x0000000002901df0 method=java.util.HashMap.getNode(ILjava/lang/Object;)Ljava/util/HashMap$Node; @ 126
Event: 2.786 Thread 0x0000000016a2d800 Uncommon trap: reason=class_check action=maybe_recompile pc=0x0000000002a98d60 method=java.util.HashMap.putVal(ILjava/lang/Object;Ljava/lang/Object;ZZ)Ljava/lang/Object; @ 203
Event: 2.786 Thread 0x0000000016a2d800 Uncommon trap: reason=bimorphic action=maybe_recompile pc=0x0000000002901df0 method=java.util.HashMap.getNode(ILjava/lang/Object;)Ljava/util/HashMap$Node; @ 126
Event: 2.786 Thread 0x0000000016a2d800 Uncommon trap: reason=class_check action=maybe_recompile pc=0x0000000002a98d60 method=java.util.HashMap.putVal(ILjava/lang/Object;Ljava/lang/Object;ZZ)Ljava/lang/Object; @ 203
Event: 2.786 Thread 0x0000000016a2d800 Uncommon trap: reason=bimorphic action=maybe_recompile pc=0x00000000029349c8 method=java.util.HashMap.getNode(ILjava/lang/Object;)Ljava/util/HashMap$Node; @ 126
Event: 2.786 Thread 0x0000000016a2d800 Uncommon trap: reason=bimorphic action=maybe_recompile pc=0x00000000029349c8 method=java.util.HashMap.getNode(ILjava/lang/Object;)Ljava/util/HashMap$Node; @ 126
Event: 2.786 Thread 0x0000000016a2d800 Uncommon trap: reason=bimorphic action=maybe_recompile pc=0x0000000002901df0 method=java.util.HashMap.getNode(ILjava/lang/Object;)Ljava/util/HashMap$Node; @ 126
Event: 2.817 Thread 0x0000000016a93800 Uncommon trap: reason=unreached action=reinterpret pc=0x00000000029d6b84 method=java.util.HashMap.getNode(ILjava/lang/Object;)Ljava/util/HashMap$Node; @ 84
Event: 2.896 Thread 0x0000000016a36000 Uncommon trap: reason=unreached action=reinterpret pc=0x0000000002a98d1c method=java.util.HashMap.putVal(ILjava/lang/Object;Ljava/lang/Object;ZZ)Ljava/lang/Object; @ 109

Internal exceptions (10 events):
Event: 1.692 Thread 0x0000000016a93800 Exception <a 'java/security/PrivilegedActionException'> (0x00000000eb90c5a8) thrown at [D:\re\workspace\8-2-build-windows-amd64-cygwin\jdk8u25\1677\hotspot\src\share\vm\prims\jvm.cpp, line 1312]
Event: 1.979 Thread 0x000000000248d800 Exception <a 'java/security/PrivilegedActionException'> (0x00000000eb862410) thrown at [D:\re\workspace\8-2-build-windows-amd64-cygwin\jdk8u25\1677\hotspot\src\share\vm\prims\jvm.cpp, line 1312]
Event: 1.983 Thread 0x0000000016a2d800 Exception <a 'java/security/PrivilegedActionException'> (0x00000000ebc5cf40) thrown at [D:\re\workspace\8-2-build-windows-amd64-cygwin\jdk8u25\1677\hotspot\src\share\vm\prims\jvm.cpp, line 1312]
Event: 2.488 Thread 0x0000000016a2d800 Exception <a 'java/security/PrivilegedActionException'> (0x00000000ec678638) thrown at [D:\re\workspace\8-2-build-windows-amd64-cygwin\jdk8u25\1677\hotspot\src\share\vm\prims\jvm.cpp, line 1312]
Event: 2.768 Thread 0x000000000248d800 Exception <a 'java/security/PrivilegedActionException'> (0x00000000eafce100) thrown at [D:\re\workspace\8-2-build-windows-amd64-cygwin\jdk8u25\1677\hotspot\src\share\vm\prims\jvm.cpp, line 1312]
Event: 2.768 Thread 0x000000000248d800 Exception <a 'java/security/PrivilegedActionException'> (0x00000000eafd0a10) thrown at [D:\re\workspace\8-2-build-windows-amd64-cygwin\jdk8u25\1677\hotspot\src\share\vm\prims\jvm.cpp, line 1312]
Event: 2.769 Thread 0x0000000016a2d800 Implicit null exception at 0x00000000029c48e2 to 0x00000000029c49d5
Event: 2.801 Thread 0x0000000016a93800 Exception <a 'java/lang/ArrayIndexOutOfBoundsException': 18> (0x00000000eb98fae0) thrown at [D:\re\workspace\8-2-build-windows-amd64-cygwin\jdk8u25\1677\hotspot\src\share\vm\interpreter\interpreterRuntime.cpp, line 366]
Event: 2.802 Thread 0x0000000016a93800 Exception <a 'java/lang/ArrayIndexOutOfBoundsException'> (0x00000000eb991578) thrown at [D:\re\workspace\8-2-build-windows-amd64-cygwin\jdk8u25\1677\hotspot\src\share\vm\runtime\sharedRuntime.cpp, line 604]
Event: 2.802 Thread 0x0000000016a93800 Exception <a 'java/lang/ArrayIndexOutOfBoundsException'> (0x00000000eb992790) thrown at [D:\re\workspace\8-2-build-windows-amd64-cygwin\jdk8u25\1677\hotspot\src\share\vm\runtime\sharedRuntime.cpp, line 604]

Events (10 events):
Event: 2.817 loading class sun/reflect/generics/reflectiveObjects/LazyReflectiveObjectGenerator
Event: 2.817 loading class sun/reflect/generics/reflectiveObjects/LazyReflectiveObjectGenerator done
Event: 2.817 loading class sun/reflect/generics/reflectiveObjects/TypeVariableImpl done
Event: 2.817 Thread 0x0000000016a93800 Uncommon trap: trap_request=0xffffffad fr.pc=0x00000000029d6b84
Event: 2.817 Thread 0x0000000016a93800 DEOPT PACKING pc=0x00000000029d6b84 sp=0x00000000177ae930
Event: 2.817 Thread 0x0000000016a93800 DEOPT UNPACKING pc=0x00000000026d556a sp=0x00000000177ae7f0 mode 2
Event: 2.896 Thread 0x0000000016a36000 Uncommon trap: trap_request=0xffffffad fr.pc=0x0000000002a98d1c
Event: 2.896 Thread 0x0000000016a36000 DEOPT PACKING pc=0x0000000002a98d1c sp=0x00000000176adb30
Event: 2.896 Thread 0x0000000016a36000 DEOPT UNPACKING pc=0x00000000026d556a sp=0x00000000176adab0 mode 2
Event: 2.922 Executing VM operation: ParallelGCFailedAllocation


Dynamic libraries:
0x00007ff6dc760000 - 0x00007ff6dc794000 	C:\Program Files\Java\jdk1.8.0_25\bin\java.exe
0x00007ff84db30000 - 0x00007ff84dd01000 	C:\WINDOWS\SYSTEM32\ntdll.dll
0x00007ff84b820000 - 0x00007ff84b8cb000 	C:\WINDOWS\System32\KERNEL32.DLL
0x00007ff84a120000 - 0x00007ff84a33d000 	C:\WINDOWS\System32\KERNELBASE.dll
0x00007ff84b160000 - 0x00007ff84b202000 	C:\WINDOWS\System32\ADVAPI32.dll
0x00007ff84b580000 - 0x00007ff84b61e000 	C:\WINDOWS\System32\msvcrt.dll
0x00007ff84b100000 - 0x00007ff84b159000 	C:\WINDOWS\System32\sechost.dll
0x00007ff84d780000 - 0x00007ff84d8a1000 	C:\WINDOWS\System32\RPCRT4.dll
0x00007ff84b3f0000 - 0x00007ff84b555000 	C:\WINDOWS\System32\USER32.dll
0x00007ff84a340000 - 0x00007ff84a35e000 	C:\WINDOWS\System32\win32u.dll
0x00007ff84b0c0000 - 0x00007ff84b0f4000 	C:\WINDOWS\System32\GDI32.dll
0x00007ff84af30000 - 0x00007ff84b0b2000 	C:\WINDOWS\System32\gdi32full.dll
0x00007ff83f560000 - 0x00007ff83f7d9000 	C:\WINDOWS\WinSxS\amd64_microsoft.windows.common-controls_6595b64144ccf1df_6.0.14393.447_none_42191651c6827bb3\COMCTL32.dll
0x00007ff84d4b0000 - 0x00007ff84d777000 	C:\WINDOWS\System32\combase.dll
0x00007ff84ac60000 - 0x00007ff84ad55000 	C:\WINDOWS\System32\ucrtbase.dll
0x00007ff84ae10000 - 0x00007ff84ae7a000 	C:\WINDOWS\System32\bcryptPrimitives.dll
0x00007ff84b3b0000 - 0x00007ff84b3de000 	C:\WINDOWS\System32\IMM32.DLL
0x00000000685a0000 - 0x0000000068672000 	C:\Program Files\Java\jdk1.8.0_25\jre\bin\msvcr100.dll
0x0000000067d40000 - 0x000000006859a000 	C:\Program Files\Java\jdk1.8.0_25\jre\bin\server\jvm.dll
0x00007ff84b3a0000 - 0x00007ff84b3a8000 	C:\WINDOWS\System32\PSAPI.DLL
0x00007ff83d910000 - 0x00007ff83d919000 	C:\WINDOWS\SYSTEM32\WSOCK32.dll
0x00007ff84d920000 - 0x00007ff84d98a000 	C:\WINDOWS\System32\WS2_32.dll
0x00007ff8484b0000 - 0x00007ff8484d3000 	C:\WINDOWS\SYSTEM32\WINMM.dll
0x00007ff848480000 - 0x00007ff8484ab000 	C:\WINDOWS\SYSTEM32\WINMMBASE.dll
0x00007ff84ac10000 - 0x00007ff84ac52000 	C:\WINDOWS\System32\cfgmgr32.dll
0x0000000067d30000 - 0x0000000067d3f000 	C:\Program Files\Java\jdk1.8.0_25\jre\bin\verify.dll
0x0000000067d00000 - 0x0000000067d28000 	C:\Program Files\Java\jdk1.8.0_25\jre\bin\java.dll
0x0000000067ce0000 - 0x0000000067cf6000 	C:\Program Files\Java\jdk1.8.0_25\jre\bin\zip.dll
0x00007ff84ba70000 - 0x00007ff84cf79000 	C:\WINDOWS\System32\SHELL32.dll
0x00007ff84a530000 - 0x00007ff84ac0a000 	C:\WINDOWS\System32\windows.storage.dll
0x00007ff849fd0000 - 0x00007ff84a01c000 	C:\WINDOWS\System32\powrprof.dll
0x00007ff84ba10000 - 0x00007ff84ba62000 	C:\WINDOWS\System32\shlwapi.dll
0x00007ff849fc0000 - 0x00007ff849fcf000 	C:\WINDOWS\System32\kernel.appcore.dll
0x00007ff84ad60000 - 0x00007ff84ae09000 	C:\WINDOWS\System32\shcore.dll
0x00007ff849fa0000 - 0x00007ff849fb4000 	C:\WINDOWS\System32\profapi.dll
0x00007ff83c0b0000 - 0x00007ff83c242000 	C:\WINDOWS\SYSTEM32\dbghelp.dll

VM Arguments:
jvm_args: -Djava.awt.headless=true -Xmx1024M -Dfile.encoding=windows-1252 -Duser.country=US -Duser.language=en -Duser.variant 
java_command: com.android.dx.command.Main --dex --force-jumbo --num-threads=4 --multi-dex --output H:\Android\Workspace\Sunshine-V2\app\build\intermediates\transforms\dex\debug\folders\1000\10\com.google.android.gms-play-services-cast-framework-9.8.0_8517b226a1dd4fbca35ecc9a9e4566cc2f73fe93 H:\Android\Workspace\Sunshine-V2\app\build\intermediates\exploded-aar\com.google.android.gms\play-services-cast-framework\9.8.0\jars\classes.jar
java_class_path (initial): C:\Users\Gurupad Mamadapur\AppData\Local\Android\sdk\build-tools\23.0.2\lib\dx.jar
Launcher Type: SUN_STANDARD

Environment Variables:
JAVA_HOME=C:\Program Files\Java\jdk1.8.0_25
PATH=C:\ProgramData\Oracle\Java\javapath;C:\WINDOWS\system32;C:\WINDOWS;C:\WINDOWS\System32\Wbem;C:\WINDOWS\System32\WindowsPowerShell\v1.0\;C:\Program Files (x86)\Common Files\lenovo\easyplussdk\bin;C:\Program Files (x86)\AMD\ATI.ACE\Core-Static;C:\Program Files\MATLAB\MATLAB Production Server\R2015a\runtime\win64;C:\Program Files\MATLAB\MATLAB Production Server\R2015a\bin;C:\Program Files\MATLAB\MATLAB Production Server\R2015a\polyspace\bin;C:\Program Files (x86)\Windows Kits\8.1\Windows Performance Toolkit\;C:\Program Files\Microsoft SQL Server\110\Tools\Binn\;C:\Program Files (x86)\ATI Technologies\ATI.ACE\Core-Static;C:\Program Files (x86)\MySQL\MySQL Fabric 1.5 & MySQL Utilities 1.5\;C:\Program Files (x86)\MySQL\MySQL Fabric 1.5 & MySQL Utilities 1.5\Doctrine extensions for PHP\;C:\Program Files\Java\jdk1.8.0_25\bin;C:\Program Files\Maven\apache-maven-3.3.9\bin;C:\Program Files (x86)\Windows Live\Shared;C:\Program Files\Git\cmd;C:\Program Files\Git\bin;C:\Program Files (x86)\GitExtensions\;C:\Program Files (x86)\Brackets\command;C:\Users\Gurupad Mamadapur\AppData\Local\Programs\Python\Python35-32\Scripts\;C:\Users\Gurupad Mamadapur\AppData\Local\Programs\Python\Python35-32\;C:\Users\Gurupad Mamadapur\AppData\Local\Microsoft\WindowsApps;
USERNAME=Gurupad Mamadapur
OS=Windows_NT
PROCESSOR_IDENTIFIER=Intel64 Family 6 Model 60 Stepping 3, GenuineIntel



---------------  S Y S T E M  ---------------

OS: Windows 8.1 , 64 bit Build 9600 

CPU:total 4 (4 cores per cpu, 1 threads per core) family 6 model 60 stepping 3, cmov, cx8, fxsr, mmx, sse, sse2, sse3, ssse3, sse4.1, sse4.2, popcnt, avx, avx2, aes, clmul, erms, lzcnt, tsc, tscinvbit, bmi1, bmi2

Memory: 4k page, physical 8237228k(837712k free), swap 10183852k(4204k free)

vm_info: Java HotSpot(TM) 64-Bit Server VM (25.25-b02) for windows-amd64 JRE (1.8.0_25-b18), built on Oct  7 2014 14:25:37 by "java_re" with MS VC++ 10.0 (VS2010)

time: Wed Nov 16 17:48:44 2016
elapsed time: 2 seconds (0d 0h 0m 2s)

