#
# There is insufficient memory for the Java Runtime Environment to continue.
# Native memory allocation (malloc) failed to allocate 233936 bytes for Chunk::new
# Possible reasons:
#   The system is out of physical RAM or swap space
#   In 32 bit mode, the process size limit was hit
# Possible solutions:
#   Reduce memory load on the system
#   Increase physical memory or swap space
#   Check if swap backing store is full
#   Use 64 bit Java on a 64 bit OS
#   Decrease Java heap size (-Xmx/-Xms)
#   Decrease number of Java threads
#   Decrease Java thread stack sizes (-Xss)
#   Set larger code cache with -XX:ReservedCodeCacheSize=
# This output file may be truncated or incomplete.
#
#  Out of Memory Error (allocation.cpp:390), pid=9992, tid=4572
#
# JRE version: Java(TM) SE Runtime Environment (8.0_25-b18) (build 1.8.0_25-b18)
# Java VM: Java HotSpot(TM) 64-Bit Server VM (25.25-b02 mixed mode windows-amd64 compressed oops)
# Failed to write core dump. Minidumps are not enabled by default on client versions of Windows
#

---------------  T H R E A D  ---------------

Current thread (0x0000000014e1f800):  JavaThread "C2 CompilerThread1" daemon [_thread_in_native, id=4572, stack(0x0000000016490000,0x0000000016590000)]

Stack: [0x0000000016490000,0x0000000016590000]
Native frames: (J=compiled Java code, j=interpreted, Vv=VM code, C=native code)
V  [jvm.dll+0x31667a]
V  [jvm.dll+0x267073]
V  [jvm.dll+0x267cb3]
V  [jvm.dll+0x25f5b5]
V  [jvm.dll+0xbf165]
V  [jvm.dll+0xbf60c]
V  [jvm.dll+0x478fbc]
V  [jvm.dll+0x4462a4]
V  [jvm.dll+0x45130e]
V  [jvm.dll+0x4538f8]
V  [jvm.dll+0x437372]
V  [jvm.dll+0x98a02]
V  [jvm.dll+0x991f3]
V  [jvm.dll+0x22bde4]
V  [jvm.dll+0x2852fa]
C  [msvcr100.dll+0x21d9f]
C  [msvcr100.dll+0x21e3b]
C  [KERNEL32.DLL+0x8364]
C  [ntdll.dll+0x65e91]


Current CompileTask:
C2:   2184  928       4       com.android.dx.dex.code.OutputFinisher::addConstants (93 bytes)


---------------  P R O C E S S  ---------------

Java Threads: ( => current thread )
  0x000000000254d800 JavaThread "DestroyJavaVM" [_thread_blocked, id=188, stack(0x00000000023e0000,0x00000000024e0000)]
  0x0000000014e7b000 JavaThread "Service Thread" daemon [_thread_blocked, id=220, stack(0x0000000016690000,0x0000000016790000)]
  0x0000000014e70800 JavaThread "C1 CompilerThread2" daemon [_thread_blocked, id=13232, stack(0x0000000016590000,0x0000000016690000)]
=>0x0000000014e1f800 JavaThread "C2 CompilerThread1" daemon [_thread_in_native, id=4572, stack(0x0000000016490000,0x0000000016590000)]
  0x0000000014e1c800 JavaThread "C2 CompilerThread0" daemon [_thread_blocked, id=7272, stack(0x0000000016390000,0x0000000016490000)]
  0x0000000014e1b000 JavaThread "Attach Listener" daemon [_thread_blocked, id=1864, stack(0x0000000016290000,0x0000000016390000)]
  0x0000000014e19800 JavaThread "Signal Dispatcher" daemon [_thread_blocked, id=11296, stack(0x0000000016190000,0x0000000016290000)]
  0x0000000002741800 JavaThread "Finalizer" daemon [_thread_blocked, id=6176, stack(0x0000000016090000,0x0000000016190000)]
  0x000000000273e000 JavaThread "Reference Handler" daemon [_thread_blocked, id=11032, stack(0x0000000015f90000,0x0000000016090000)]

Other Threads:
  0x0000000014de6800 VMThread [stack: 0x0000000015e90000,0x0000000015f90000] [id=4648]
  0x0000000014e7d800 WatcherThread [stack: 0x0000000016790000,0x0000000016890000] [id=9812]

VM state:not at safepoint (normal execution)

VM Mutex/Monitor currently owned by a thread: None

Heap:
 PSYoungGen      total 37888K, used 19955K [0x00000000eab00000, 0x00000000ed500000, 0x0000000100000000)
  eden space 32768K, 60% used [0x00000000eab00000,0x00000000ebe7ce28,0x00000000ecb00000)
  from space 5120K, 0% used [0x00000000ed000000,0x00000000ed000000,0x00000000ed500000)
  to   space 5120K, 0% used [0x00000000ecb00000,0x00000000ecb00000,0x00000000ed000000)
 ParOldGen       total 86016K, used 0K [0x00000000c0000000, 0x00000000c5400000, 0x00000000eab00000)
  object space 86016K, 0% used [0x00000000c0000000,0x00000000c0000000,0x00000000c5400000)
 Metaspace       used 6177K, capacity 7000K, committed 7168K, reserved 1056768K
  class space    used 634K, capacity 656K, committed 768K, reserved 1048576K

Card table byte_map: [0x0000000011b10000,0x0000000011d20000] byte_map_base: 0x0000000011510000

Marking Bits: (ParMarkBitMap*) 0x000000006851d490
 Begin Bits: [0x0000000012280000, 0x0000000013280000)
 End Bits:   [0x0000000013280000, 0x0000000014280000)

Polling page: 0x0000000000ba0000

CodeCache: size=245760Kb used=4167Kb max_used=4178Kb free=241592Kb
 bounds [0x0000000002750000, 0x0000000002b70000, 0x0000000011750000]
 total_blobs=1345 nmethods=1074 adapters=185
 compilation: enabled

Compilation events (10 events):
Event: 1.988 Thread 0x0000000014e70800  992       3       com.android.dx.rop.code.RegisterSpec::matchesVariable (68 bytes)
Event: 1.988 Thread 0x0000000014e70800 nmethod 992 0x0000000002b32ed0 code [0x0000000002b330a0, 0x0000000002b33a38]
Event: 1.988 Thread 0x0000000014e70800  993       1       com.android.dx.rop.cst.CstString::getType (4 bytes)
Event: 1.988 Thread 0x0000000014e70800 nmethod 993 0x0000000002b32b90 code [0x0000000002b32ce0, 0x0000000002b32df0]
Event: 1.988 Thread 0x0000000014e70800  994       3       com.android.dx.dex.file.TypeIdsSection::get (71 bytes)
Event: 1.989 Thread 0x0000000014e70800 nmethod 994 0x0000000002b3bb90 code [0x0000000002b3be00, 0x0000000002b3ced8]
Event: 1.989 Thread 0x0000000014e70800  995       3       com.android.dx.dex.code.CstInsn::getIndex (42 bytes)
Event: 1.989 Thread 0x0000000014e1c800  998       4       com.android.dx.dex.code.DalvInsn::setAddress (20 bytes)
Event: 1.989 Thread 0x0000000014e70800 nmethod 995 0x0000000002b3ab10 code [0x0000000002b3ad00, 0x0000000002b3b748]
Event: 1.989 Thread 0x0000000014e70800  996       3       com.android.dx.dex.code.InsnFormat::unsignedFitsInShort (14 bytes)

GC Heap History (0 events):
No events

Deoptimization events (1 events):
Event: 1.948 Thread 0x00000000169ff000 Uncommon trap: reason=bimorphic action=maybe_recompile pc=0x00000000029e645c method=java.util.HashMap.getNode(ILjava/lang/Object;)Ljava/util/HashMap$Node; @ 126

Internal exceptions (10 events):
Event: 1.973 Thread 0x00000000169ff000 Exception <a 'java/security/PrivilegedActionException'> (0x00000000ebcbb7c0) thrown at [D:\re\workspace\8-2-build-windows-amd64-cygwin\jdk8u25\1677\hotspot\src\share\vm\prims\jvm.cpp, line 1312]
Event: 1.974 Thread 0x00000000169ff000 Exception <a 'java/security/PrivilegedActionException'> (0x00000000ebcbe5c8) thrown at [D:\re\workspace\8-2-build-windows-amd64-cygwin\jdk8u25\1677\hotspot\src\share\vm\prims\jvm.cpp, line 1312]
Event: 1.974 Thread 0x00000000169ff000 Exception <a 'java/security/PrivilegedActionException'> (0x00000000ebcc3fb8) thrown at [D:\re\workspace\8-2-build-windows-amd64-cygwin\jdk8u25\1677\hotspot\src\share\vm\prims\jvm.cpp, line 1312]
Event: 1.975 Thread 0x00000000169ff000 Exception <a 'java/security/PrivilegedActionException'> (0x00000000ebcc7700) thrown at [D:\re\workspace\8-2-build-windows-amd64-cygwin\jdk8u25\1677\hotspot\src\share\vm\prims\jvm.cpp, line 1312]
Event: 1.975 Thread 0x00000000169ff000 Exception <a 'java/security/PrivilegedActionException'> (0x00000000ebcca498) thrown at [D:\re\workspace\8-2-build-windows-amd64-cygwin\jdk8u25\1677\hotspot\src\share\vm\prims\jvm.cpp, line 1312]
Event: 1.976 Thread 0x00000000169ff000 Exception <a 'java/security/PrivilegedActionException'> (0x00000000ebccf860) thrown at [D:\re\workspace\8-2-build-windows-amd64-cygwin\jdk8u25\1677\hotspot\src\share\vm\prims\jvm.cpp, line 1312]
Event: 1.977 Thread 0x00000000169ff000 Exception <a 'java/security/PrivilegedActionException'> (0x00000000ebcd61b0) thrown at [D:\re\workspace\8-2-build-windows-amd64-cygwin\jdk8u25\1677\hotspot\src\share\vm\prims\jvm.cpp, line 1312]
Event: 1.977 Thread 0x00000000169ff000 Exception <a 'java/security/PrivilegedActionException'> (0x00000000ebcd92f8) thrown at [D:\re\workspace\8-2-build-windows-amd64-cygwin\jdk8u25\1677\hotspot\src\share\vm\prims\jvm.cpp, line 1312]
Event: 1.978 Thread 0x00000000169ff000 Exception <a 'java/security/PrivilegedActionException'> (0x00000000ebcde390) thrown at [D:\re\workspace\8-2-build-windows-amd64-cygwin\jdk8u25\1677\hotspot\src\share\vm\prims\jvm.cpp, line 1312]
Event: 1.978 Thread 0x00000000169ff000 Exception <a 'java/security/PrivilegedActionException'> (0x00000000ebce2c70) thrown at [D:\re\workspace\8-2-build-windows-amd64-cygwin\jdk8u25\1677\hotspot\src\share\vm\prims\jvm.cpp, line 1312]

Events (10 events):
Event: 1.976 loading class com/android/dx/dex/code/LocalList$MakeState
Event: 1.976 loading class com/android/dx/dex/code/LocalList$MakeState done
Event: 1.977 loading class com/android/dx/dex/code/LocalList$Disposition
Event: 1.977 loading class com/android/dx/dex/code/LocalList$Disposition done
Event: 1.977 loading class com/android/dx/dex/code/LocalList$Entry
Event: 1.977 loading class com/android/dx/dex/code/LocalList$Entry done
Event: 1.978 loading class com/android/dx/dex/code/CatchHandlerList
Event: 1.978 loading class com/android/dx/dex/code/CatchHandlerList done
Event: 1.978 loading class com/android/dx/dex/code/CatchTable
Event: 1.978 loading class com/android/dx/dex/code/CatchTable done


Dynamic libraries:
0x00007ff6dc760000 - 0x00007ff6dc794000 	C:\Program Files\Java\jdk1.8.0_25\bin\java.exe
0x00007ff84db30000 - 0x00007ff84dd01000 	C:\WINDOWS\SYSTEM32\ntdll.dll
0x00007ff84b820000 - 0x00007ff84b8cb000 	C:\WINDOWS\System32\KERNEL32.DLL
0x00007ff84a120000 - 0x00007ff84a33d000 	C:\WINDOWS\System32\KERNELBASE.dll
0x00007ff84b160000 - 0x00007ff84b202000 	C:\WINDOWS\System32\ADVAPI32.dll
0x00007ff84b580000 - 0x00007ff84b61e000 	C:\WINDOWS\System32\msvcrt.dll
0x00007ff84b100000 - 0x00007ff84b159000 	C:\WINDOWS\System32\sechost.dll
0x00007ff84d780000 - 0x00007ff84d8a1000 	C:\WINDOWS\System32\RPCRT4.dll
0x00007ff84b3f0000 - 0x00007ff84b555000 	C:\WINDOWS\System32\USER32.dll
0x00007ff84a340000 - 0x00007ff84a35e000 	C:\WINDOWS\System32\win32u.dll
0x00007ff84b0c0000 - 0x00007ff84b0f4000 	C:\WINDOWS\System32\GDI32.dll
0x00007ff84af30000 - 0x00007ff84b0b2000 	C:\WINDOWS\System32\gdi32full.dll
0x00007ff83f560000 - 0x00007ff83f7d9000 	C:\WINDOWS\WinSxS\amd64_microsoft.windows.common-controls_6595b64144ccf1df_6.0.14393.447_none_42191651c6827bb3\COMCTL32.dll
0x00007ff84d4b0000 - 0x00007ff84d777000 	C:\WINDOWS\System32\combase.dll
0x00007ff84ac60000 - 0x00007ff84ad55000 	C:\WINDOWS\System32\ucrtbase.dll
0x00007ff84ae10000 - 0x00007ff84ae7a000 	C:\WINDOWS\System32\bcryptPrimitives.dll
0x00007ff84b3b0000 - 0x00007ff84b3de000 	C:\WINDOWS\System32\IMM32.DLL
0x00000000685a0000 - 0x0000000068672000 	C:\Program Files\Java\jdk1.8.0_25\jre\bin\msvcr100.dll
0x0000000067d40000 - 0x000000006859a000 	C:\Program Files\Java\jdk1.8.0_25\jre\bin\server\jvm.dll
0x00007ff84b3a0000 - 0x00007ff84b3a8000 	C:\WINDOWS\System32\PSAPI.DLL
0x00007ff83d910000 - 0x00007ff83d919000 	C:\WINDOWS\SYSTEM32\WSOCK32.dll
0x00007ff84d920000 - 0x00007ff84d98a000 	C:\WINDOWS\System32\WS2_32.dll
0x00007ff8484b0000 - 0x00007ff8484d3000 	C:\WINDOWS\SYSTEM32\WINMM.dll
0x00007ff848480000 - 0x00007ff8484ab000 	C:\WINDOWS\SYSTEM32\WINMMBASE.dll
0x00007ff84ac10000 - 0x00007ff84ac52000 	C:\WINDOWS\System32\cfgmgr32.dll
0x0000000067d30000 - 0x0000000067d3f000 	C:\Program Files\Java\jdk1.8.0_25\jre\bin\verify.dll
0x0000000067d00000 - 0x0000000067d28000 	C:\Program Files\Java\jdk1.8.0_25\jre\bin\java.dll
0x0000000067ce0000 - 0x0000000067cf6000 	C:\Program Files\Java\jdk1.8.0_25\jre\bin\zip.dll
0x00007ff84ba70000 - 0x00007ff84cf79000 	C:\WINDOWS\System32\SHELL32.dll
0x00007ff84a530000 - 0x00007ff84ac0a000 	C:\WINDOWS\System32\windows.storage.dll
0x00007ff849fd0000 - 0x00007ff84a01c000 	C:\WINDOWS\System32\powrprof.dll
0x00007ff84ba10000 - 0x00007ff84ba62000 	C:\WINDOWS\System32\shlwapi.dll
0x00007ff849fc0000 - 0x00007ff849fcf000 	C:\WINDOWS\System32\kernel.appcore.dll
0x00007ff84ad60000 - 0x00007ff84ae09000 	C:\WINDOWS\System32\shcore.dll
0x00007ff849fa0000 - 0x00007ff849fb4000 	C:\WINDOWS\System32\profapi.dll
0x00007ff83c0b0000 - 0x00007ff83c242000 	C:\WINDOWS\SYSTEM32\dbghelp.dll

VM Arguments:
jvm_args: -Djava.awt.headless=true -Xmx1024M -Dfile.encoding=windows-1252 -Duser.country=US -Duser.language=en -Duser.variant 
java_command: com.android.dx.command.Main --dex --force-jumbo --num-threads=4 --multi-dex --output H:\Android\Workspace\Sunshine-V2\app\build\intermediates\transforms\dex\debug\folders\1000\5\slice_3 H:\Android\Workspace\Sunshine-V2\app\build\intermediates\transforms\instantRunSlicer\debug\folders\1\5\slice_3
java_class_path (initial): C:\Users\Gurupad Mamadapur\AppData\Local\Android\sdk\build-tools\23.0.2\lib\dx.jar
Launcher Type: SUN_STANDARD

Environment Variables:
JAVA_HOME=C:\Program Files\Java\jdk1.8.0_25
PATH=C:\ProgramData\Oracle\Java\javapath;C:\WINDOWS\system32;C:\WINDOWS;C:\WINDOWS\System32\Wbem;C:\WINDOWS\System32\WindowsPowerShell\v1.0\;C:\Program Files (x86)\Common Files\lenovo\easyplussdk\bin;C:\Program Files (x86)\AMD\ATI.ACE\Core-Static;C:\Program Files\MATLAB\MATLAB Production Server\R2015a\runtime\win64;C:\Program Files\MATLAB\MATLAB Production Server\R2015a\bin;C:\Program Files\MATLAB\MATLAB Production Server\R2015a\polyspace\bin;C:\Program Files (x86)\Windows Kits\8.1\Windows Performance Toolkit\;C:\Program Files\Microsoft SQL Server\110\Tools\Binn\;C:\Program Files (x86)\ATI Technologies\ATI.ACE\Core-Static;C:\Program Files (x86)\MySQL\MySQL Fabric 1.5 & MySQL Utilities 1.5\;C:\Program Files (x86)\MySQL\MySQL Fabric 1.5 & MySQL Utilities 1.5\Doctrine extensions for PHP\;C:\Program Files\Java\jdk1.8.0_25\bin;C:\Program Files\Maven\apache-maven-3.3.9\bin;C:\Program Files (x86)\Windows Live\Shared;C:\Program Files\Git\cmd;C:\Program Files\Git\bin;C:\Program Files (x86)\GitExtensions\;C:\Program Files (x86)\Brackets\command;C:\Users\Gurupad Mamadapur\AppData\Local\Programs\Python\Python35-32\Scripts\;C:\Users\Gurupad Mamadapur\AppData\Local\Programs\Python\Python35-32\;C:\Users\Gurupad Mamadapur\AppData\Local\Microsoft\WindowsApps;
USERNAME=Gurupad Mamadapur
OS=Windows_NT
PROCESSOR_IDENTIFIER=Intel64 Family 6 Model 60 Stepping 3, GenuineIntel



---------------  S Y S T E M  ---------------

OS: Windows 8.1 , 64 bit Build 9600 

CPU:total 4 (4 cores per cpu, 1 threads per core) family 6 model 60 stepping 3, cmov, cx8, fxsr, mmx, sse, sse2, sse3, ssse3, sse4.1, sse4.2, popcnt, avx, avx2, aes, clmul, erms, lzcnt, tsc, tscinvbit, bmi1, bmi2

Memory: 4k page, physical 8237228k(732012k free), swap 10183852k(54404k free)

vm_info: Java HotSpot(TM) 64-Bit Server VM (25.25-b02) for windows-amd64 JRE (1.8.0_25-b18), built on Oct  7 2014 14:25:37 by "java_re" with MS VC++ 10.0 (VS2010)

time: Wed Nov 16 17:48:23 2016
elapsed time: 2 seconds (0d 0h 0m 2s)

