#
# There is insufficient memory for the Java Runtime Environment to continue.
# Native memory allocation (malloc) failed to allocate 929856 bytes for Chunk::new
# Possible reasons:
#   The system is out of physical RAM or swap space
#   In 32 bit mode, the process size limit was hit
# Possible solutions:
#   Reduce memory load on the system
#   Increase physical memory or swap space
#   Check if swap backing store is full
#   Use 64 bit Java on a 64 bit OS
#   Decrease Java heap size (-Xmx/-Xms)
#   Decrease number of Java threads
#   Decrease Java thread stack sizes (-Xss)
#   Set larger code cache with -XX:ReservedCodeCacheSize=
# This output file may be truncated or incomplete.
#
#  Out of Memory Error (allocation.cpp:390), pid=10096, tid=6564
#
# JRE version: Java(TM) SE Runtime Environment (8.0_25-b18) (build 1.8.0_25-b18)
# Java VM: Java HotSpot(TM) 64-Bit Server VM (25.25-b02 mixed mode windows-amd64 compressed oops)
# Failed to write core dump. Minidumps are not enabled by default on client versions of Windows
#

---------------  T H R E A D  ---------------

Current thread (0x000000001588c800):  JavaThread "C2 CompilerThread0" daemon [_thread_in_native, id=6564, stack(0x0000000016de0000,0x0000000016ee0000)]

Stack: [0x0000000016de0000,0x0000000016ee0000]
Native frames: (J=compiled Java code, j=interpreted, Vv=VM code, C=native code)
V  [jvm.dll+0x31667a]
V  [jvm.dll+0x267073]
V  [jvm.dll+0x267cb3]
V  [jvm.dll+0x25f5b5]
V  [jvm.dll+0xbf165]
V  [jvm.dll+0xbf60c]
V  [jvm.dll+0x45d672]
V  [jvm.dll+0x49e8ef]
V  [jvm.dll+0x452668]
V  [jvm.dll+0x453864]
V  [jvm.dll+0x437372]
V  [jvm.dll+0x98a02]
V  [jvm.dll+0x991f3]
V  [jvm.dll+0x22bde4]
V  [jvm.dll+0x2852fa]
C  [msvcr100.dll+0x21d9f]
C  [msvcr100.dll+0x21e3b]
C  [KERNEL32.DLL+0x8364]
C  [ntdll.dll+0x65e91]


Current CompileTask:
C2:   2201 1280       4       com.android.dx.ssa.SCCP::simulateBranch (666 bytes)


---------------  P R O C E S S  ---------------

Java Threads: ( => current thread )
  0x00000000174d8800 JavaThread "pool-1-thread-1" [_thread_in_Java, id=4688, stack(0x00000000193b0000,0x00000000194b0000)]
  0x00000000158eb000 JavaThread "Service Thread" daemon [_thread_blocked, id=10760, stack(0x00000000170e0000,0x00000000171e0000)]
  0x00000000158e4000 JavaThread "C1 CompilerThread2" daemon [_thread_blocked, id=10144, stack(0x0000000016fe0000,0x00000000170e0000)]
  0x0000000015890000 JavaThread "C2 CompilerThread1" daemon [_thread_blocked, id=11004, stack(0x0000000016ee0000,0x0000000016fe0000)]
=>0x000000001588c800 JavaThread "C2 CompilerThread0" daemon [_thread_in_native, id=6564, stack(0x0000000016de0000,0x0000000016ee0000)]
  0x000000001588b800 JavaThread "Attach Listener" daemon [_thread_blocked, id=10516, stack(0x0000000016ce0000,0x0000000016de0000)]
  0x000000001588a000 JavaThread "Signal Dispatcher" daemon [_thread_blocked, id=8424, stack(0x0000000016be0000,0x0000000016ce0000)]
  0x00000000031b7000 JavaThread "Finalizer" daemon [_thread_blocked, id=5676, stack(0x0000000016ae0000,0x0000000016be0000)]
  0x00000000031ae000 JavaThread "Reference Handler" daemon [_thread_blocked, id=8328, stack(0x00000000169e0000,0x0000000016ae0000)]
  0x0000000002fbd800 JavaThread "main" [_thread_blocked, id=10488, stack(0x0000000002e10000,0x0000000002f10000)]

Other Threads:
  0x0000000015856800 VMThread [stack: 0x00000000168e0000,0x00000000169e0000] [id=632]
  0x00000000158ee000 WatcherThread [stack: 0x00000000171e0000,0x00000000172e0000] [id=5204]

VM state:not at safepoint (normal execution)

VM Mutex/Monitor currently owned by a thread: None

Heap:
 PSYoungGen      total 37888K, used 31049K [0x00000000eab00000, 0x00000000ef500000, 0x0000000100000000)
  eden space 32768K, 79% used [0x00000000eab00000,0x00000000ec458f90,0x00000000ecb00000)
  from space 5120K, 99% used [0x00000000ecb00000,0x00000000ecff9530,0x00000000ed000000)
  to   space 5120K, 0% used [0x00000000ef000000,0x00000000ef000000,0x00000000ef500000)
 ParOldGen       total 86016K, used 1082K [0x00000000c0000000, 0x00000000c5400000, 0x00000000eab00000)
  object space 86016K, 1% used [0x00000000c0000000,0x00000000c010e938,0x00000000c5400000)
 Metaspace       used 6549K, capacity 7256K, committed 7424K, reserved 1056768K
  class space    used 636K, capacity 656K, committed 768K, reserved 1048576K

Card table byte_map: [0x0000000012580000,0x0000000012790000] byte_map_base: 0x0000000011f80000

Marking Bits: (ParMarkBitMap*) 0x000000006851d490
 Begin Bits: [0x0000000012cf0000, 0x0000000013cf0000)
 End Bits:   [0x0000000013cf0000, 0x0000000014cf0000)

Polling page: 0x0000000000ff0000

CodeCache: size=245760Kb used=6254Kb max_used=6254Kb free=239505Kb
 bounds [0x00000000031c0000, 0x00000000037f0000, 0x00000000121c0000]
 total_blobs=1923 nmethods=1651 adapters=184
 compilation: disabled (not enough contiguous free space left)

Compilation events (10 events):
Event: 1.861 Thread 0x00000000158e4000 1419       2       java.util.HashMap$HashIterator::nextNode (100 bytes)
Event: 1.861 Thread 0x00000000158e4000 nmethod 1419 0x00000000037271d0 code [0x0000000003727360, 0x00000000037276b8]
Event: 1.861 Thread 0x00000000158e4000 1420       2       com.android.dx.rop.cst.CstLiteral64::hashCode (15 bytes)
Event: 1.862 Thread 0x00000000158e4000 nmethod 1420 0x00000000037278d0 code [0x0000000003727a20, 0x0000000003727b90]
Event: 1.862 Thread 0x00000000158e4000 1421       2       com.android.dx.ssa.NormalSsaInsn::isMoveException (20 bytes)
Event: 1.862 Thread 0x00000000158e4000 nmethod 1421 0x0000000003727c10 code [0x0000000003727d60, 0x0000000003727ed0]
Event: 1.862 Thread 0x00000000158e4000 1423       2       java.util.Collections$UnmodifiableCollection::size (10 bytes)
Event: 1.862 Thread 0x00000000158e4000 nmethod 1423 0x0000000003727f90 code [0x0000000003728100, 0x0000000003728288]
Event: 1.863 Thread 0x00000000158e4000 1424       1       com.android.dx.ssa.MoveParamCombiner$1::visitPhiInsn (1 bytes)
Event: 1.863 Thread 0x00000000158e4000 nmethod 1424 0x0000000003728310 code [0x0000000003728460, 0x0000000003728570]

GC Heap History (2 events):
Event: 1.690 GC heap before
{Heap before GC invocations=1 (full 0):
 PSYoungGen      total 37888K, used 32768K [0x00000000eab00000, 0x00000000ed500000, 0x0000000100000000)
  eden space 32768K, 100% used [0x00000000eab00000,0x00000000ecb00000,0x00000000ecb00000)
  from space 5120K, 0% used [0x00000000ed000000,0x00000000ed000000,0x00000000ed500000)
  to   space 5120K, 0% used [0x00000000ecb00000,0x00000000ecb00000,0x00000000ed000000)
 ParOldGen       total 86016K, used 0K [0x00000000c0000000, 0x00000000c5400000, 0x00000000eab00000)
  object space 86016K, 0% used [0x00000000c0000000,0x00000000c0000000,0x00000000c5400000)
 Metaspace       used 5938K, capacity 6960K, committed 7040K, reserved 1056768K
  class space    used 587K, capacity 616K, committed 640K, reserved 1048576K
Event: 1.738 GC heap after
Heap after GC invocations=1 (full 0):
 PSYoungGen      total 37888K, used 5093K [0x00000000eab00000, 0x00000000ef500000, 0x0000000100000000)
  eden space 32768K, 0% used [0x00000000eab00000,0x00000000eab00000,0x00000000ecb00000)
  from space 5120K, 99% used [0x00000000ecb00000,0x00000000ecff9530,0x00000000ed000000)
  to   space 5120K, 0% used [0x00000000ef000000,0x00000000ef000000,0x00000000ef500000)
 ParOldGen       total 86016K, used 1082K [0x00000000c0000000, 0x00000000c5400000, 0x00000000eab00000)
  object space 86016K, 1% used [0x00000000c0000000,0x00000000c010e938,0x00000000c5400000)
 Metaspace       used 5938K, capacity 6960K, committed 7040K, reserved 1056768K
  class space    used 587K, capacity 616K, committed 640K, reserved 1048576K
}

Deoptimization events (10 events):
Event: 0.603 Thread 0x000000001746b800 Uncommon trap: reason=class_check action=maybe_recompile pc=0x000000000343b3ec method=com.android.dx.ssa.NormalSsaInsn.accept(Lcom/android/dx/ssa/SsaInsn$Visitor;)V @ 9
Event: 1.240 Thread 0x0000000017464000 Uncommon trap: reason=bimorphic action=maybe_recompile pc=0x0000000003418300 method=java.util.HashMap.getNode(ILjava/lang/Object;)Ljava/util/HashMap$Node; @ 126
Event: 1.794 Thread 0x0000000017464000 Uncommon trap: reason=bimorphic action=maybe_recompile pc=0x00000000033c12bc method=java.util.HashMap.getNode(ILjava/lang/Object;)Ljava/util/HashMap$Node; @ 126
Event: 1.794 Thread 0x0000000017464000 Uncommon trap: reason=class_check action=maybe_recompile pc=0x000000000354e4f4 method=java.util.HashMap.putVal(ILjava/lang/Object;Ljava/lang/Object;ZZ)Ljava/lang/Object; @ 203
Event: 1.794 Thread 0x0000000017464000 Uncommon trap: reason=bimorphic action=maybe_recompile pc=0x00000000033c12bc method=java.util.HashMap.getNode(ILjava/lang/Object;)Ljava/util/HashMap$Node; @ 126
Event: 1.794 Thread 0x0000000017464000 Uncommon trap: reason=class_check action=maybe_recompile pc=0x000000000354e4f4 method=java.util.HashMap.putVal(ILjava/lang/Object;Ljava/lang/Object;ZZ)Ljava/lang/Object; @ 203
Event: 1.823 Thread 0x0000000017464000 Uncommon trap: reason=bimorphic action=maybe_recompile pc=0x00000000033c12bc method=java.util.HashMap.getNode(ILjava/lang/Object;)Ljava/util/HashMap$Node; @ 126
Event: 1.823 Thread 0x0000000017464000 Uncommon trap: reason=class_check action=maybe_recompile pc=0x000000000354e4f4 method=java.util.HashMap.putVal(ILjava/lang/Object;Ljava/lang/Object;ZZ)Ljava/lang/Object; @ 203
Event: 1.833 Thread 0x000000001746d000 Uncommon trap: reason=bimorphic action=maybe_recompile pc=0x0000000003418300 method=java.util.HashMap.getNode(ILjava/lang/Object;)Ljava/util/HashMap$Node; @ 126
Event: 1.838 Thread 0x000000001746c800 Uncommon trap: reason=class_check action=maybe_recompile pc=0x000000000354e4f4 method=java.util.HashMap.putVal(ILjava/lang/Object;Ljava/lang/Object;ZZ)Ljava/lang/Object; @ 203

Internal exceptions (10 events):
Event: 0.475 Thread 0x0000000017464000 Exception <a 'java/security/PrivilegedActionException'> (0x00000000eb4f80a0) thrown at [D:\re\workspace\8-2-build-windows-amd64-cygwin\jdk8u25\1677\hotspot\src\share\vm\prims\jvm.cpp, line 1312]
Event: 0.479 Thread 0x0000000017464000 Exception <a 'java/security/PrivilegedActionException'> (0x00000000eb509f88) thrown at [D:\re\workspace\8-2-build-windows-amd64-cygwin\jdk8u25\1677\hotspot\src\share\vm\prims\jvm.cpp, line 1312]
Event: 0.482 Thread 0x0000000017464000 Exception <a 'java/security/PrivilegedActionException'> (0x00000000eb516d08) thrown at [D:\re\workspace\8-2-build-windows-amd64-cygwin\jdk8u25\1677\hotspot\src\share\vm\prims\jvm.cpp, line 1312]
Event: 0.529 Thread 0x0000000017464000 Exception <a 'java/security/PrivilegedActionException'> (0x00000000eb521750) thrown at [D:\re\workspace\8-2-build-windows-amd64-cygwin\jdk8u25\1677\hotspot\src\share\vm\prims\jvm.cpp, line 1312]
Event: 0.536 Thread 0x0000000002fbd800 Exception <a 'java/security/PrivilegedActionException'> (0x00000000eb65e648) thrown at [D:\re\workspace\8-2-build-windows-amd64-cygwin\jdk8u25\1677\hotspot\src\share\vm\prims\jvm.cpp, line 1312]
Event: 0.591 Thread 0x000000001746b800 Exception <a 'java/security/PrivilegedActionException'> (0x00000000eb92aea8) thrown at [D:\re\workspace\8-2-build-windows-amd64-cygwin\jdk8u25\1677\hotspot\src\share\vm\prims\jvm.cpp, line 1312]
Event: 1.414 Thread 0x0000000002fbd800 Exception <a 'java/security/PrivilegedActionException'> (0x00000000ec099ec8) thrown at [D:\re\workspace\8-2-build-windows-amd64-cygwin\jdk8u25\1677\hotspot\src\share\vm\prims\jvm.cpp, line 1312]
Event: 1.416 Thread 0x0000000002fbd800 Exception <a 'java/security/PrivilegedActionException'> (0x00000000ec0a4750) thrown at [D:\re\workspace\8-2-build-windows-amd64-cygwin\jdk8u25\1677\hotspot\src\share\vm\prims\jvm.cpp, line 1312]
Event: 1.428 Thread 0x0000000002fbd800 Exception <a 'java/security/PrivilegedActionException'> (0x00000000ec0c4f80) thrown at [D:\re\workspace\8-2-build-windows-amd64-cygwin\jdk8u25\1677\hotspot\src\share\vm\prims\jvm.cpp, line 1312]
Event: 1.434 Thread 0x000000001746c800 Exception <a 'java/security/PrivilegedActionException'> (0x00000000ec2ac4d0) thrown at [D:\re\workspace\8-2-build-windows-amd64-cygwin\jdk8u25\1677\hotspot\src\share\vm\prims\jvm.cpp, line 1312]

Events (10 events):
Event: 1.833 Thread 0x000000001746d000 Uncommon trap: trap_request=0xffffffc6 fr.pc=0x0000000003418300
Event: 1.833 Thread 0x000000001746d000 DEOPT PACKING pc=0x0000000003418300 sp=0x0000000017bde9d0
Event: 1.833 Thread 0x000000001746d000 DEOPT UNPACKING pc=0x000000000320556a sp=0x0000000017bde8e8 mode 2
Event: 1.838 Thread 0x000000001746c800 Uncommon trap: trap_request=0xffffffde fr.pc=0x000000000354e4f4
Event: 1.838 Thread 0x000000001746c800 DEOPT PACKING pc=0x000000000354e4f4 sp=0x0000000017aded50
Event: 1.838 Thread 0x000000001746c800 DEOPT UNPACKING pc=0x000000000320556a sp=0x0000000017adecc8 mode 2
Event: 1.862 loading class java/util/HashMap$KeySet
Event: 1.862 loading class java/util/HashMap$KeySet done
Event: 1.862 loading class java/util/HashMap$KeyIterator
Event: 1.862 loading class java/util/HashMap$KeyIterator done


Dynamic libraries:
0x00007ff6dc760000 - 0x00007ff6dc794000 	C:\Program Files\Java\jdk1.8.0_25\bin\java.exe
0x00007ff84db30000 - 0x00007ff84dd01000 	C:\WINDOWS\SYSTEM32\ntdll.dll
0x00007ff84b820000 - 0x00007ff84b8cb000 	C:\WINDOWS\System32\KERNEL32.DLL
0x00007ff84a120000 - 0x00007ff84a33d000 	C:\WINDOWS\System32\KERNELBASE.dll
0x00007ff84b160000 - 0x00007ff84b202000 	C:\WINDOWS\System32\ADVAPI32.dll
0x00007ff84b580000 - 0x00007ff84b61e000 	C:\WINDOWS\System32\msvcrt.dll
0x00007ff84b100000 - 0x00007ff84b159000 	C:\WINDOWS\System32\sechost.dll
0x00007ff84d780000 - 0x00007ff84d8a1000 	C:\WINDOWS\System32\RPCRT4.dll
0x00007ff84b3f0000 - 0x00007ff84b555000 	C:\WINDOWS\System32\USER32.dll
0x00007ff84a340000 - 0x00007ff84a35e000 	C:\WINDOWS\System32\win32u.dll
0x00007ff84b0c0000 - 0x00007ff84b0f4000 	C:\WINDOWS\System32\GDI32.dll
0x00007ff84af30000 - 0x00007ff84b0b2000 	C:\WINDOWS\System32\gdi32full.dll
0x00007ff83f560000 - 0x00007ff83f7d9000 	C:\WINDOWS\WinSxS\amd64_microsoft.windows.common-controls_6595b64144ccf1df_6.0.14393.447_none_42191651c6827bb3\COMCTL32.dll
0x00007ff84d4b0000 - 0x00007ff84d777000 	C:\WINDOWS\System32\combase.dll
0x00007ff84ac60000 - 0x00007ff84ad55000 	C:\WINDOWS\System32\ucrtbase.dll
0x00007ff84ae10000 - 0x00007ff84ae7a000 	C:\WINDOWS\System32\bcryptPrimitives.dll
0x00007ff84b3b0000 - 0x00007ff84b3de000 	C:\WINDOWS\System32\IMM32.DLL
0x00000000685a0000 - 0x0000000068672000 	C:\Program Files\Java\jdk1.8.0_25\jre\bin\msvcr100.dll
0x0000000067d40000 - 0x000000006859a000 	C:\Program Files\Java\jdk1.8.0_25\jre\bin\server\jvm.dll
0x00007ff84b3a0000 - 0x00007ff84b3a8000 	C:\WINDOWS\System32\PSAPI.DLL
0x00007ff83d910000 - 0x00007ff83d919000 	C:\WINDOWS\SYSTEM32\WSOCK32.dll
0x00007ff84d920000 - 0x00007ff84d98a000 	C:\WINDOWS\System32\WS2_32.dll
0x00007ff8484b0000 - 0x00007ff8484d3000 	C:\WINDOWS\SYSTEM32\WINMM.dll
0x00007ff848480000 - 0x00007ff8484ab000 	C:\WINDOWS\SYSTEM32\WINMMBASE.dll
0x00007ff84ac10000 - 0x00007ff84ac52000 	C:\WINDOWS\System32\cfgmgr32.dll
0x0000000067d30000 - 0x0000000067d3f000 	C:\Program Files\Java\jdk1.8.0_25\jre\bin\verify.dll
0x0000000067d00000 - 0x0000000067d28000 	C:\Program Files\Java\jdk1.8.0_25\jre\bin\java.dll
0x0000000067ce0000 - 0x0000000067cf6000 	C:\Program Files\Java\jdk1.8.0_25\jre\bin\zip.dll
0x00007ff84ba70000 - 0x00007ff84cf79000 	C:\WINDOWS\System32\SHELL32.dll
0x00007ff84a530000 - 0x00007ff84ac0a000 	C:\WINDOWS\System32\windows.storage.dll
0x00007ff849fd0000 - 0x00007ff84a01c000 	C:\WINDOWS\System32\powrprof.dll
0x00007ff84ba10000 - 0x00007ff84ba62000 	C:\WINDOWS\System32\shlwapi.dll
0x00007ff849fc0000 - 0x00007ff849fcf000 	C:\WINDOWS\System32\kernel.appcore.dll
0x00007ff84ad60000 - 0x00007ff84ae09000 	C:\WINDOWS\System32\shcore.dll
0x00007ff849fa0000 - 0x00007ff849fb4000 	C:\WINDOWS\System32\profapi.dll
0x00007ff83c0b0000 - 0x00007ff83c242000 	C:\WINDOWS\SYSTEM32\dbghelp.dll

VM Arguments:
jvm_args: -Djava.awt.headless=true -Xmx1024M -Dfile.encoding=windows-1252 -Duser.country=US -Duser.language=en -Duser.variant 
java_command: com.android.dx.command.Main --dex --force-jumbo --num-threads=4 --multi-dex --output H:\Android\Workspace\Sunshine-V2\app\build\intermediates\transforms\dex\debug\folders\1000\10\com.google.firebase-firebase-storage-9.8.0_3fff60c30d3671d77b2f0124d0e186806a267ee8 H:\Android\Workspace\Sunshine-V2\app\build\intermediates\exploded-aar\com.google.firebase\firebase-storage\9.8.0\jars\classes.jar
java_class_path (initial): C:\Users\Gurupad Mamadapur\AppData\Local\Android\sdk\build-tools\23.0.2\lib\dx.jar
Launcher Type: SUN_STANDARD

Environment Variables:
JAVA_HOME=C:\Program Files\Java\jdk1.8.0_25
PATH=C:\ProgramData\Oracle\Java\javapath;C:\WINDOWS\system32;C:\WINDOWS;C:\WINDOWS\System32\Wbem;C:\WINDOWS\System32\WindowsPowerShell\v1.0\;C:\Program Files (x86)\Common Files\lenovo\easyplussdk\bin;C:\Program Files (x86)\AMD\ATI.ACE\Core-Static;C:\Program Files\MATLAB\MATLAB Production Server\R2015a\runtime\win64;C:\Program Files\MATLAB\MATLAB Production Server\R2015a\bin;C:\Program Files\MATLAB\MATLAB Production Server\R2015a\polyspace\bin;C:\Program Files (x86)\Windows Kits\8.1\Windows Performance Toolkit\;C:\Program Files\Microsoft SQL Server\110\Tools\Binn\;C:\Program Files (x86)\ATI Technologies\ATI.ACE\Core-Static;C:\Program Files (x86)\MySQL\MySQL Fabric 1.5 & MySQL Utilities 1.5\;C:\Program Files (x86)\MySQL\MySQL Fabric 1.5 & MySQL Utilities 1.5\Doctrine extensions for PHP\;C:\Program Files\Java\jdk1.8.0_25\bin;C:\Program Files\Maven\apache-maven-3.3.9\bin;C:\Program Files (x86)\Windows Live\Shared;C:\Program Files\Git\cmd;C:\Program Files\Git\bin;C:\Program Files (x86)\GitExtensions\;C:\Program Files (x86)\Brackets\command;C:\Users\Gurupad Mamadapur\AppData\Local\Programs\Python\Python35-32\Scripts\;C:\Users\Gurupad Mamadapur\AppData\Local\Programs\Python\Python35-32\;C:\Users\Gurupad Mamadapur\AppData\Local\Microsoft\WindowsApps;
USERNAME=Gurupad Mamadapur
OS=Windows_NT
PROCESSOR_IDENTIFIER=Intel64 Family 6 Model 60 Stepping 3, GenuineIntel



---------------  S Y S T E M  ---------------

OS: Windows 8.1 , 64 bit Build 9600 

CPU:total 4 (4 cores per cpu, 1 threads per core) family 6 model 60 stepping 3, cmov, cx8, fxsr, mmx, sse, sse2, sse3, ssse3, sse4.1, sse4.2, popcnt, avx, avx2, aes, clmul, erms, lzcnt, tsc, tscinvbit, bmi1, bmi2

Memory: 4k page, physical 8237228k(734060k free), swap 10183852k(54404k free)

vm_info: Java HotSpot(TM) 64-Bit Server VM (25.25-b02) for windows-amd64 JRE (1.8.0_25-b18), built on Oct  7 2014 14:25:37 by "java_re" with MS VC++ 10.0 (VS2010)

time: Wed Nov 16 17:48:23 2016
elapsed time: 2 seconds (0d 0h 0m 2s)

