#
# There is insufficient memory for the Java Runtime Environment to continue.
# Native memory allocation (malloc) failed to allocate 815616 bytes for Chunk::new
# Possible reasons:
#   The system is out of physical RAM or swap space
#   In 32 bit mode, the process size limit was hit
# Possible solutions:
#   Reduce memory load on the system
#   Increase physical memory or swap space
#   Check if swap backing store is full
#   Use 64 bit Java on a 64 bit OS
#   Decrease Java heap size (-Xmx/-Xms)
#   Decrease number of Java threads
#   Decrease Java thread stack sizes (-Xss)
#   Set larger code cache with -XX:ReservedCodeCacheSize=
# This output file may be truncated or incomplete.
#
#  Out of Memory Error (allocation.cpp:390), pid=13064, tid=404
#
# JRE version: Java(TM) SE Runtime Environment (8.0_25-b18) (build 1.8.0_25-b18)
# Java VM: Java HotSpot(TM) 64-Bit Server VM (25.25-b02 mixed mode windows-amd64 compressed oops)
# Failed to write core dump. Minidumps are not enabled by default on client versions of Windows
#

---------------  T H R E A D  ---------------

Current thread (0x0000000014fd0800):  JavaThread "C2 CompilerThread1" daemon [_thread_in_native, id=404, stack(0x00000000165f0000,0x00000000166f0000)]

Stack: [0x00000000165f0000,0x00000000166f0000]
Native frames: (J=compiled Java code, j=interpreted, Vv=VM code, C=native code)
V  [jvm.dll+0x31667a]


Current CompileTask:
C2:   3079 1656       4       com.android.dx.rop.code.LocalVariableExtractor::processBlock (327 bytes)


---------------  P R O C E S S  ---------------

Java Threads: ( => current thread )
  0x0000000016c8c800 JavaThread "pool-2-thread-4" [_thread_in_Java, id=12792, stack(0x00000000179f0000,0x0000000017af0000)]
  0x0000000016c8e000 JavaThread "pool-2-thread-3" [_thread_blocked, id=6732, stack(0x00000000178f0000,0x00000000179f0000)]
  0x0000000016bc9800 JavaThread "pool-2-thread-2" [_thread_blocked, id=6036, stack(0x00000000177f0000,0x00000000178f0000)]
  0x0000000016c11000 JavaThread "pool-3-thread-1" [_thread_in_vm, id=5864, stack(0x00000000176f0000,0x00000000177f0000)]
  0x0000000016c22000 JavaThread "pool-2-thread-1" [_thread_blocked, id=6284, stack(0x00000000175f0000,0x00000000176f0000)]
  0x0000000014fdc000 JavaThread "Service Thread" daemon [_thread_blocked, id=10544, stack(0x00000000167f0000,0x00000000168f0000)]
  0x0000000014fd5000 JavaThread "C1 CompilerThread2" daemon [_thread_blocked, id=2276, stack(0x00000000166f0000,0x00000000167f0000)]
=>0x0000000014fd0800 JavaThread "C2 CompilerThread1" daemon [_thread_in_native, id=404, stack(0x00000000165f0000,0x00000000166f0000)]
  0x0000000014f7d800 JavaThread "C2 CompilerThread0" daemon [_thread_in_native, id=4636, stack(0x00000000164f0000,0x00000000165f0000)]
  0x0000000014f7c000 JavaThread "Attach Listener" daemon [_thread_blocked, id=9872, stack(0x00000000163f0000,0x00000000164f0000)]
  0x0000000014f7a800 JavaThread "Signal Dispatcher" daemon [_thread_blocked, id=12492, stack(0x00000000162f0000,0x00000000163f0000)]
  0x000000000285f800 JavaThread "Finalizer" daemon [_thread_blocked, id=11672, stack(0x00000000161f0000,0x00000000162f0000)]
  0x000000000285e800 JavaThread "Reference Handler" daemon [_thread_blocked, id=9412, stack(0x00000000160f0000,0x00000000161f0000)]
  0x00000000028ad800 JavaThread "main" [_thread_blocked, id=9104, stack(0x0000000000ee0000,0x0000000000fe0000)]

Other Threads:
  0x0000000014f47000 VMThread [stack: 0x0000000015ff0000,0x00000000160f0000] [id=11276]
  0x00000000168f0800 WatcherThread [stack: 0x0000000016cf0000,0x0000000016df0000] [id=6892]

VM state:not at safepoint (normal execution)

VM Mutex/Monitor currently owned by a thread: None

Heap:
 PSYoungGen      total 37888K, used 17190K [0x00000000eab00000, 0x00000000ef500000, 0x0000000100000000)
  eden space 32768K, 36% used [0x00000000eab00000,0x00000000eb6cf128,0x00000000ecb00000)
  from space 5120K, 99% used [0x00000000ecb00000,0x00000000ecffa968,0x00000000ed000000)
  to   space 5120K, 0% used [0x00000000ef000000,0x00000000ef000000,0x00000000ef500000)
 ParOldGen       total 86016K, used 8253K [0x00000000c0000000, 0x00000000c5400000, 0x00000000eab00000)
  object space 86016K, 9% used [0x00000000c0000000,0x00000000c080f7f0,0x00000000c5400000)
 Metaspace       used 6190K, capacity 7088K, committed 7296K, reserved 1056768K
  class space    used 592K, capacity 616K, committed 640K, reserved 1048576K

Card table byte_map: [0x0000000011c70000,0x0000000011e80000] byte_map_base: 0x0000000011670000

Marking Bits: (ParMarkBitMap*) 0x000000006851d490
 Begin Bits: [0x00000000123e0000, 0x00000000133e0000)
 End Bits:   [0x00000000133e0000, 0x00000000143e0000)

Polling page: 0x0000000000fe0000

CodeCache: size=245760Kb used=6644Kb max_used=6644Kb free=239115Kb
 bounds [0x00000000028b0000, 0x0000000002f40000, 0x00000000118b0000]
 total_blobs=1905 nmethods=1641 adapters=178
 compilation: enabled

Compilation events (10 events):
Event: 3.070 Thread 0x0000000014fd5000 1680       2       com.android.dx.rop.annotation.Annotation::<init> (54 bytes)
Event: 3.070 Thread 0x0000000014fd5000 nmethod 1680 0x0000000002f2fed0 code [0x0000000002f30040, 0x0000000002f30358]
Event: 3.071 Thread 0x0000000014fd5000 1681       2       com.android.dx.dex.file.AnnotationItem::addContents (27 bytes)
Event: 3.071 Thread 0x0000000014fd5000 nmethod 1681 0x0000000002f30490 code [0x0000000002f30600, 0x0000000002f307d8]
Event: 3.071 Thread 0x0000000014fd5000 1682       2       com.android.dx.rop.annotation.Annotation::getNameValuePairs (11 bytes)
Event: 3.071 Thread 0x0000000014fd5000 nmethod 1682 0x0000000002f30910 code [0x0000000002f30a80, 0x0000000002f30d68]
Event: 3.073 Thread 0x0000000014fd5000 1683       2       com.android.dx.rop.cst.CstFieldRef::<init> (7 bytes)
Event: 3.073 Thread 0x0000000014fd5000 nmethod 1683 0x0000000002eef490 code [0x0000000002eef600, 0x0000000002eef768]
Event: 3.075 Thread 0x0000000014fd5000 1684       2       com.android.dx.cf.direct.AttributeFactory::parse0 (53 bytes)
Event: 3.075 Thread 0x0000000014fd5000 nmethod 1684 0x0000000002f30ed0 code [0x0000000002f31080, 0x0000000002f314e8]

GC Heap History (6 events):
Event: 1.423 GC heap before
{Heap before GC invocations=1 (full 0):
 PSYoungGen      total 37888K, used 32768K [0x00000000eab00000, 0x00000000ed500000, 0x0000000100000000)
  eden space 32768K, 100% used [0x00000000eab00000,0x00000000ecb00000,0x00000000ecb00000)
  from space 5120K, 0% used [0x00000000ed000000,0x00000000ed000000,0x00000000ed500000)
  to   space 5120K, 0% used [0x00000000ecb00000,0x00000000ecb00000,0x00000000ed000000)
 ParOldGen       total 86016K, used 0K [0x00000000c0000000, 0x00000000c5400000, 0x00000000eab00000)
  object space 86016K, 0% used [0x00000000c0000000,0x00000000c0000000,0x00000000c5400000)
 Metaspace       used 5825K, capacity 6768K, committed 7040K, reserved 1056768K
  class space    used 589K, capacity 616K, committed 640K, reserved 1048576K
Event: 1.429 GC heap after
Heap after GC invocations=1 (full 0):
 PSYoungGen      total 37888K, used 4822K [0x00000000eab00000, 0x00000000ed500000, 0x0000000100000000)
  eden space 32768K, 0% used [0x00000000eab00000,0x00000000eab00000,0x00000000ecb00000)
  from space 5120K, 94% used [0x00000000ecb00000,0x00000000ecfb5920,0x00000000ed000000)
  to   space 5120K, 0% used [0x00000000ed000000,0x00000000ed000000,0x00000000ed500000)
 ParOldGen       total 86016K, used 16K [0x00000000c0000000, 0x00000000c5400000, 0x00000000eab00000)
  object space 86016K, 0% used [0x00000000c0000000,0x00000000c0004000,0x00000000c5400000)
 Metaspace       used 5825K, capacity 6768K, committed 7040K, reserved 1056768K
  class space    used 589K, capacity 616K, committed 640K, reserved 1048576K
}
Event: 2.068 GC heap before
{Heap before GC invocations=2 (full 0):
 PSYoungGen      total 37888K, used 37590K [0x00000000eab00000, 0x00000000ed500000, 0x0000000100000000)
  eden space 32768K, 100% used [0x00000000eab00000,0x00000000ecb00000,0x00000000ecb00000)
  from space 5120K, 94% used [0x00000000ecb00000,0x00000000ecfb5920,0x00000000ed000000)
  to   space 5120K, 0% used [0x00000000ed000000,0x00000000ed000000,0x00000000ed500000)
 ParOldGen       total 86016K, used 16K [0x00000000c0000000, 0x00000000c5400000, 0x00000000eab00000)
  object space 86016K, 0% used [0x00000000c0000000,0x00000000c0004000,0x00000000c5400000)
 Metaspace       used 6090K, capacity 7024K, committed 7296K, reserved 1056768K
  class space    used 592K, capacity 616K, committed 640K, reserved 1048576K
Event: 2.196 GC heap after
Heap after GC invocations=2 (full 0):
 PSYoungGen      total 37888K, used 5110K [0x00000000eab00000, 0x00000000ef500000, 0x0000000100000000)
  eden space 32768K, 0% used [0x00000000eab00000,0x00000000eab00000,0x00000000ecb00000)
  from space 5120K, 99% used [0x00000000ed000000,0x00000000ed4fdb58,0x00000000ed500000)
  to   space 5120K, 0% used [0x00000000ecb00000,0x00000000ecb00000,0x00000000ed000000)
 ParOldGen       total 86016K, used 3653K [0x00000000c0000000, 0x00000000c5400000, 0x00000000eab00000)
  object space 86016K, 4% used [0x00000000c0000000,0x00000000c0391530,0x00000000c5400000)
 Metaspace       used 6090K, capacity 7024K, committed 7296K, reserved 1056768K
  class space    used 592K, capacity 616K, committed 640K, reserved 1048576K
}
Event: 2.638 GC heap before
{Heap before GC invocations=3 (full 0):
 PSYoungGen      total 37888K, used 37878K [0x00000000eab00000, 0x00000000ef500000, 0x0000000100000000)
  eden space 32768K, 100% used [0x00000000eab00000,0x00000000ecb00000,0x00000000ecb00000)
  from space 5120K, 99% used [0x00000000ed000000,0x00000000ed4fdb58,0x00000000ed500000)
  to   space 5120K, 0% used [0x00000000ecb00000,0x00000000ecb00000,0x00000000ed000000)
 ParOldGen       total 86016K, used 3653K [0x00000000c0000000, 0x00000000c5400000, 0x00000000eab00000)
  object space 86016K, 4% used [0x00000000c0000000,0x00000000c0391530,0x00000000c5400000)
 Metaspace       used 6176K, capacity 7088K, committed 7296K, reserved 1056768K
  class space    used 592K, capacity 616K, committed 640K, reserved 1048576K
Event: 2.647 GC heap after
Heap after GC invocations=3 (full 0):
 PSYoungGen      total 37888K, used 5098K [0x00000000eab00000, 0x00000000ef500000, 0x0000000100000000)
  eden space 32768K, 0% used [0x00000000eab00000,0x00000000eab00000,0x00000000ecb00000)
  from space 5120K, 99% used [0x00000000ecb00000,0x00000000ecffa968,0x00000000ed000000)
  to   space 5120K, 0% used [0x00000000ef000000,0x00000000ef000000,0x00000000ef500000)
 ParOldGen       total 86016K, used 8253K [0x00000000c0000000, 0x00000000c5400000, 0x00000000eab00000)
  object space 86016K, 9% used [0x00000000c0000000,0x00000000c080f7f0,0x00000000c5400000)
 Metaspace       used 6176K, capacity 7088K, committed 7296K, reserved 1056768K
  class space    used 592K, capacity 616K, committed 640K, reserved 1048576K
}

Deoptimization events (5 events):
Event: 1.620 Thread 0x00000000028ad800 Uncommon trap: reason=unreached action=reinterpret pc=0x0000000002c5a71c method=com.android.dx.rop.cst.Constant.compareTo(Lcom/android/dx/rop/cst/Constant;)I @ 12
Event: 2.620 Thread 0x0000000016bc9800 Uncommon trap: reason=bimorphic action=maybe_recompile pc=0x0000000002ecb0fc method=com.android.dx.rop.code.RegisterSpec.withSimpleType()Lcom/android/dx/rop/code/RegisterSpec; @ 21
Event: 2.623 Thread 0x0000000016bc9800 Uncommon trap: reason=bimorphic action=maybe_recompile pc=0x0000000002ecb0fc method=com.android.dx.rop.code.RegisterSpec.withSimpleType()Lcom/android/dx/rop/code/RegisterSpec; @ 21
Event: 2.739 Thread 0x00000000028ad800 Uncommon trap: reason=bimorphic action=maybe_recompile pc=0x0000000002e9c030 method=com.android.dx.cf.code.BytecodeArray.parseInstruction(ILcom/android/dx/cf/code/BytecodeArray$Visitor;)I @ 1501
Event: 2.740 Thread 0x00000000028ad800 Uncommon trap: reason=bimorphic action=maybe_recompile pc=0x0000000002e9c030 method=com.android.dx.cf.code.BytecodeArray.parseInstruction(ILcom/android/dx/cf/code/BytecodeArray$Visitor;)I @ 1501

Internal exceptions (10 events):
Event: 1.281 Thread 0x0000000016c22000 Exception <a 'java/security/PrivilegedActionException'> (0x00000000ec295010) thrown at [D:\re\workspace\8-2-build-windows-amd64-cygwin\jdk8u25\1677\hotspot\src\share\vm\prims\jvm.cpp, line 1312]
Event: 1.281 Thread 0x0000000016c22000 Exception <a 'java/security/PrivilegedActionException'> (0x00000000ec29ab88) thrown at [D:\re\workspace\8-2-build-windows-amd64-cygwin\jdk8u25\1677\hotspot\src\share\vm\prims\jvm.cpp, line 1312]
Event: 1.282 Thread 0x0000000016c22000 Exception <a 'java/security/PrivilegedActionException'> (0x00000000ec2a0490) thrown at [D:\re\workspace\8-2-build-windows-amd64-cygwin\jdk8u25\1677\hotspot\src\share\vm\prims\jvm.cpp, line 1312]
Event: 1.341 Thread 0x00000000028ad800 Exception <a 'java/security/PrivilegedActionException'> (0x00000000ec341270) thrown at [D:\re\workspace\8-2-build-windows-amd64-cygwin\jdk8u25\1677\hotspot\src\share\vm\prims\jvm.cpp, line 1312]
Event: 1.396 Thread 0x0000000016c8c800 Exception <a 'java/security/PrivilegedActionException'> (0x00000000ec623e50) thrown at [D:\re\workspace\8-2-build-windows-amd64-cygwin\jdk8u25\1677\hotspot\src\share\vm\prims\jvm.cpp, line 1312]
Event: 1.402 Thread 0x00000000028ad800 Exception <a 'java/security/PrivilegedActionException'> (0x00000000ec358270) thrown at [D:\re\workspace\8-2-build-windows-amd64-cygwin\jdk8u25\1677\hotspot\src\share\vm\prims\jvm.cpp, line 1312]
Event: 1.402 Thread 0x00000000028ad800 Exception <a 'java/security/PrivilegedActionException'> (0x00000000ec35aa80) thrown at [D:\re\workspace\8-2-build-windows-amd64-cygwin\jdk8u25\1677\hotspot\src\share\vm\prims\jvm.cpp, line 1312]
Event: 1.406 Thread 0x0000000016c8e000 Exception <a 'java/security/PrivilegedActionException'> (0x00000000ec6d53b0) thrown at [D:\re\workspace\8-2-build-windows-amd64-cygwin\jdk8u25\1677\hotspot\src\share\vm\prims\jvm.cpp, line 1312]
Event: 1.413 Thread 0x00000000028ad800 Exception <a 'java/security/PrivilegedActionException'> (0x00000000ec989888) thrown at [D:\re\workspace\8-2-build-windows-amd64-cygwin\jdk8u25\1677\hotspot\src\share\vm\prims\jvm.cpp, line 1312]
Event: 1.595 Thread 0x0000000016c8e000 Exception <a 'java/security/PrivilegedActionException'> (0x00000000eb224d80) thrown at [D:\re\workspace\8-2-build-windows-amd64-cygwin\jdk8u25\1677\hotspot\src\share\vm\prims\jvm.cpp, line 1312]

Events (10 events):
Event: 2.635 Thread 0x0000000016bc9800 DEOPT PACKING pc=0x0000000002c4e3df sp=0x00000000178eeee0
Event: 2.635 Thread 0x0000000016bc9800 DEOPT UNPACKING pc=0x00000000028f75bf sp=0x00000000178eec78 mode 0
Event: 2.637 Executing VM operation: ParallelGCFailedAllocation
Event: 2.647 Executing VM operation: ParallelGCFailedAllocation done
Event: 2.739 Thread 0x00000000028ad800 Uncommon trap: trap_request=0xffffffc6 fr.pc=0x0000000002e9c030
Event: 2.739 Thread 0x00000000028ad800 DEOPT PACKING pc=0x0000000002e9c030 sp=0x0000000000fde160
Event: 2.739 Thread 0x00000000028ad800 DEOPT UNPACKING pc=0x00000000028f556a sp=0x0000000000fde100 mode 2
Event: 2.740 Thread 0x00000000028ad800 Uncommon trap: trap_request=0xffffffc6 fr.pc=0x0000000002e9c030
Event: 2.740 Thread 0x00000000028ad800 DEOPT PACKING pc=0x0000000002e9c030 sp=0x0000000000fddf10
Event: 2.740 Thread 0x00000000028ad800 DEOPT UNPACKING pc=0x00000000028f556a sp=0x0000000000fddeb0 mode 2


Dynamic libraries:
0x00007ff6dc760000 - 0x00007ff6dc794000 	C:\Program Files\Java\jdk1.8.0_25\bin\java.exe
0x00007ff84db30000 - 0x00007ff84dd01000 	C:\WINDOWS\SYSTEM32\ntdll.dll
0x00007ff84b820000 - 0x00007ff84b8cb000 	C:\WINDOWS\System32\KERNEL32.DLL
0x00007ff84a120000 - 0x00007ff84a33d000 	C:\WINDOWS\System32\KERNELBASE.dll
0x00007ff84b160000 - 0x00007ff84b202000 	C:\WINDOWS\System32\ADVAPI32.dll
0x00007ff84b580000 - 0x00007ff84b61e000 	C:\WINDOWS\System32\msvcrt.dll
0x00007ff84b100000 - 0x00007ff84b159000 	C:\WINDOWS\System32\sechost.dll
0x00007ff84d780000 - 0x00007ff84d8a1000 	C:\WINDOWS\System32\RPCRT4.dll
0x00007ff84b3f0000 - 0x00007ff84b555000 	C:\WINDOWS\System32\USER32.dll
0x00007ff84a340000 - 0x00007ff84a35e000 	C:\WINDOWS\System32\win32u.dll
0x00007ff84b0c0000 - 0x00007ff84b0f4000 	C:\WINDOWS\System32\GDI32.dll
0x00007ff84af30000 - 0x00007ff84b0b2000 	C:\WINDOWS\System32\gdi32full.dll
0x00007ff83f560000 - 0x00007ff83f7d9000 	C:\WINDOWS\WinSxS\amd64_microsoft.windows.common-controls_6595b64144ccf1df_6.0.14393.447_none_42191651c6827bb3\COMCTL32.dll
0x00007ff84d4b0000 - 0x00007ff84d777000 	C:\WINDOWS\System32\combase.dll
0x00007ff84ac60000 - 0x00007ff84ad55000 	C:\WINDOWS\System32\ucrtbase.dll
0x00007ff84ae10000 - 0x00007ff84ae7a000 	C:\WINDOWS\System32\bcryptPrimitives.dll
0x00007ff84b3b0000 - 0x00007ff84b3de000 	C:\WINDOWS\System32\IMM32.DLL
0x00000000685a0000 - 0x0000000068672000 	C:\Program Files\Java\jdk1.8.0_25\jre\bin\msvcr100.dll
0x0000000067d40000 - 0x000000006859a000 	C:\Program Files\Java\jdk1.8.0_25\jre\bin\server\jvm.dll
0x00007ff84b3a0000 - 0x00007ff84b3a8000 	C:\WINDOWS\System32\PSAPI.DLL
0x00007ff83d910000 - 0x00007ff83d919000 	C:\WINDOWS\SYSTEM32\WSOCK32.dll
0x00007ff8484b0000 - 0x00007ff8484d3000 	C:\WINDOWS\SYSTEM32\WINMM.dll
0x00007ff84d920000 - 0x00007ff84d98a000 	C:\WINDOWS\System32\WS2_32.dll
0x00007ff848480000 - 0x00007ff8484ab000 	C:\WINDOWS\SYSTEM32\WINMMBASE.dll
0x00007ff84ac10000 - 0x00007ff84ac52000 	C:\WINDOWS\System32\cfgmgr32.dll
0x0000000067d30000 - 0x0000000067d3f000 	C:\Program Files\Java\jdk1.8.0_25\jre\bin\verify.dll
0x0000000067d00000 - 0x0000000067d28000 	C:\Program Files\Java\jdk1.8.0_25\jre\bin\java.dll
0x0000000067ce0000 - 0x0000000067cf6000 	C:\Program Files\Java\jdk1.8.0_25\jre\bin\zip.dll
0x00007ff84ba70000 - 0x00007ff84cf79000 	C:\WINDOWS\System32\SHELL32.dll
0x00007ff84a530000 - 0x00007ff84ac0a000 	C:\WINDOWS\System32\windows.storage.dll
0x00007ff849fd0000 - 0x00007ff84a01c000 	C:\WINDOWS\System32\powrprof.dll
0x00007ff84ba10000 - 0x00007ff84ba62000 	C:\WINDOWS\System32\shlwapi.dll
0x00007ff849fc0000 - 0x00007ff849fcf000 	C:\WINDOWS\System32\kernel.appcore.dll
0x00007ff84ad60000 - 0x00007ff84ae09000 	C:\WINDOWS\System32\shcore.dll
0x00007ff849fa0000 - 0x00007ff849fb4000 	C:\WINDOWS\System32\profapi.dll
0x00007ff83c0b0000 - 0x00007ff83c242000 	C:\WINDOWS\SYSTEM32\dbghelp.dll

VM Arguments:
jvm_args: -Djava.awt.headless=true -Xmx1024M -Dfile.encoding=windows-1252 -Duser.country=US -Duser.language=en -Duser.variant 
java_command: com.android.dx.command.Main --dex --force-jumbo --num-threads=4 --multi-dex --output H:\Android\Workspace\Sunshine-V2\app\build\intermediates\transforms\dex\debug\folders\1000\10\com.android.support-support-v4-24.0.0_dab16cefb3045f9ee23ddc7db332897b020a4f1a H:\Android\Workspace\Sunshine-V2\app\build\intermediates\exploded-aar\com.android.support\support-v4\24.0.0\jars\classes.jar
java_class_path (initial): C:\Users\Gurupad Mamadapur\AppData\Local\Android\sdk\build-tools\23.0.2\lib\dx.jar
Launcher Type: SUN_STANDARD

Environment Variables:
JAVA_HOME=C:\Program Files\Java\jdk1.8.0_25
PATH=C:\ProgramData\Oracle\Java\javapath;C:\WINDOWS\system32;C:\WINDOWS;C:\WINDOWS\System32\Wbem;C:\WINDOWS\System32\WindowsPowerShell\v1.0\;C:\Program Files (x86)\Common Files\lenovo\easyplussdk\bin;C:\Program Files (x86)\AMD\ATI.ACE\Core-Static;C:\Program Files\MATLAB\MATLAB Production Server\R2015a\runtime\win64;C:\Program Files\MATLAB\MATLAB Production Server\R2015a\bin;C:\Program Files\MATLAB\MATLAB Production Server\R2015a\polyspace\bin;C:\Program Files (x86)\Windows Kits\8.1\Windows Performance Toolkit\;C:\Program Files\Microsoft SQL Server\110\Tools\Binn\;C:\Program Files (x86)\ATI Technologies\ATI.ACE\Core-Static;C:\Program Files (x86)\MySQL\MySQL Fabric 1.5 & MySQL Utilities 1.5\;C:\Program Files (x86)\MySQL\MySQL Fabric 1.5 & MySQL Utilities 1.5\Doctrine extensions for PHP\;C:\Program Files\Java\jdk1.8.0_25\bin;C:\Program Files\Maven\apache-maven-3.3.9\bin;C:\Program Files (x86)\Windows Live\Shared;C:\Program Files\Git\cmd;C:\Program Files\Git\bin;C:\Program Files (x86)\GitExtensions\;C:\Program Files (x86)\Brackets\command;C:\Users\Gurupad Mamadapur\AppData\Local\Programs\Python\Python35-32\Scripts\;C:\Users\Gurupad Mamadapur\AppData\Local\Programs\Python\Python35-32\;C:\Users\Gurupad Mamadapur\AppData\Local\Microsoft\WindowsApps;
USERNAME=Gurupad Mamadapur
OS=Windows_NT
PROCESSOR_IDENTIFIER=Intel64 Family 6 Model 60 Stepping 3, GenuineIntel



---------------  S Y S T E M  ---------------

OS: Windows 8.1 , 64 bit Build 9600 

CPU:total 4 (4 cores per cpu, 1 threads per core) family 6 model 60 stepping 3, cmov, cx8, fxsr, mmx, sse, sse2, sse3, ssse3, sse4.1, sse4.2, popcnt, avx, avx2, aes, clmul, erms, lzcnt, tsc, tscinvbit, bmi1, bmi2

Memory: 4k page, physical 8237228k(837872k free), swap 10183852k(6216k free)

vm_info: Java HotSpot(TM) 64-Bit Server VM (25.25-b02) for windows-amd64 JRE (1.8.0_25-b18), built on Oct  7 2014 14:25:37 by "java_re" with MS VC++ 10.0 (VS2010)

time: Wed Nov 16 17:48:44 2016
elapsed time: 3 seconds (0d 0h 0m 3s)

